
2019-04-24 10:16:02.301 12075 INFO nova.compute.resource_tracker [req-9688239c-00e9-47b8-a2fb-5e22602fc932 - - - - -] Auditing locally available compute resources for node compute014
2019-04-24 10:16:12.764 12075 INFO nova.compute.resource_tracker [req-9688239c-00e9-47b8-a2fb-5e22602fc932 - - - - -] Total usable vcpus: 40, total allocated vcpus: 16
2019-04-24 10:16:12.765 12075 INFO nova.compute.resource_tracker [req-9688239c-00e9-47b8-a2fb-5e22602fc932 - - - - -] Final resource view: name=compute014 phys_ram=257662MB used_ram=67584MB phys_disk=2788500GB used_disk=0GB total_vcpus=40 used_vcpus=16 pci_stats=[]
2019-04-24 10:16:12.809 12075 INFO nova.compute.resource_tracker [req-9688239c-00e9-47b8-a2fb-5e22602fc932 - - - - -] Compute_service record updated for compute014:compute014
2019-04-24 10:16:16.494 12075 INFO os_brick.initiator.connector [req-ec2ea39b-d98a-4081-8330-eb32c32095f5 849fb56436b84eeea3b5de972de91063 2f889218ad004a0b94ece658c8fab023 - - -] Multipath discovery for iSCSI enabled
2019-04-24 10:16:16.495 12075 INFO os_brick.initiator.connector [req-ec2ea39b-d98a-4081-8330-eb32c32095f5 849fb56436b84eeea3b5de972de91063 2f889218ad004a0b94ece658c8fab023 - - -] Trying to connect to iSCSI portal 172.31.55.246:3260
2019-04-24 10:16:16.721 12075 INFO os_brick.initiator.connector [req-ec2ea39b-d98a-4081-8330-eb32c32095f5 849fb56436b84eeea3b5de972de91063 2f889218ad004a0b94ece658c8fab023 - - -] Trying to connect to iSCSI portal 172.31.55.247:3260
2019-04-24 10:16:17.291 12075 INFO os_brick.initiator.linuxscsi [req-ec2ea39b-d98a-4081-8330-eb32c32095f5 849fb56436b84eeea3b5de972de91063 2f889218ad004a0b94ece658c8fab023 - - -] Find Multipath device file for volume WWN 3600b342dc62b452d2ffdd061cd0100df
2019-04-24 10:16:19.321 12075 INFO os_brick.initiator.connector [req-ec2ea39b-d98a-4081-8330-eb32c32095f5 849fb56436b84eeea3b5de972de91063 2f889218ad004a0b94ece658c8fab023 - - -] Multipath discovery for iSCSI enabled
2019-04-24 10:16:19.322 12075 INFO os_brick.initiator.connector [req-ec2ea39b-d98a-4081-8330-eb32c32095f5 849fb56436b84eeea3b5de972de91063 2f889218ad004a0b94ece658c8fab023 - - -] Trying to connect to iSCSI portal 172.31.35.253:3260
2019-04-24 10:16:19.895 12075 INFO os_brick.initiator.linuxscsi [req-ec2ea39b-d98a-4081-8330-eb32c32095f5 849fb56436b84eeea3b5de972de91063 2f889218ad004a0b94ece658c8fab023 - - -] Find Multipath device file for volume WWN 36f898ef1006a1dd8ecee7752000001b3
2019-04-24 10:16:29.938 12075 INFO nova.compute.manager [req-51846738-6e33-456e-b051-e819510e7b0e - - - - -] [instance: 96da1a77-031b-4eeb-8e85-955837d538b2] VM Started (Lifecycle Event)
2019-04-24 10:16:53.078 12075 INFO nova.compute.manager [req-51846738-6e33-456e-b051-e819510e7b0e - - - - -] [instance: 96da1a77-031b-4eeb-8e85-955837d538b2] VM Resumed (Lifecycle Event)
2019-04-24 10:16:53.247 12075 INFO nova.compute.manager [req-51846738-6e33-456e-b051-e819510e7b0e - - - - -] [instance: 96da1a77-031b-4eeb-8e85-955837d538b2] During the sync_power process the instance has moved from host compute003 to host compute014
2019-04-24 10:16:53.247 12075 INFO nova.compute.manager [req-51846738-6e33-456e-b051-e819510e7b0e - - - - -] [instance: 96da1a77-031b-4eeb-8e85-955837d538b2] VM Resumed (Lifecycle Event)
2019-04-24 10:16:53.405 12075 INFO nova.compute.manager [req-51846738-6e33-456e-b051-e819510e7b0e - - - - -] [instance: 96da1a77-031b-4eeb-8e85-955837d538b2] During the sync_power process the instance has moved from host compute003 to host compute014
2019-04-24 10:17:04.210 12075 INFO nova.compute.resource_tracker [req-9688239c-00e9-47b8-a2fb-5e22602fc932 - - - - -] Auditing locally available compute resources for node compute014
2019-04-24 10:17:14.056 12075 INFO nova.compute.resource_tracker [req-9688239c-00e9-47b8-a2fb-5e22602fc932 - - - - -] Total usable vcpus: 40, total allocated vcpus: 16
2019-04-24 10:17:14.056 12075 INFO nova.compute.resource_tracker [req-9688239c-00e9-47b8-a2fb-5e22602fc932 - - - - -] Final resource view: name=compute014 phys_ram=257662MB used_ram=67584MB phys_disk=2788500GB used_disk=0GB total_vcpus=40 used_vcpus=16 pci_stats=[]
2019-04-24 10:17:14.100 12075 INFO nova.compute.resource_tracker [req-9688239c-00e9-47b8-a2fb-5e22602fc932 - - - - -] Compute_service record updated for compute014:compute014
2019-04-24 10:17:25.455 12075 INFO nova.compute.manager [req-ec2ea39b-d98a-4081-8330-eb32c32095f5 849fb56436b84eeea3b5de972de91063 2f889218ad004a0b94ece658c8fab023 - - -] [instance: 96da1a77-031b-4eeb-8e85-955837d538b2] Post operation of migration started
2019-04-24 10:17:27.496 12075 WARNING nova.virt.osinfo [req-ec2ea39b-d98a-4081-8330-eb32c32095f5 849fb56436b84eeea3b5de972de91063 2f889218ad004a0b94ece658c8fab023 - - -] Cannot find OS information - Reason: (No configuration information found for operating system Empty)
2019-04-24 10:17:27.497 12075 WARNING nova.virt.osinfo [req-ec2ea39b-d98a-4081-8330-eb32c32095f5 849fb56436b84eeea3b5de972de91063 2f889218ad004a0b94ece658c8fab023 - - -] Cannot find OS information - Reason: (No configuration information found for operating system Empty)
2019-04-24 10:17:36.909 12075 INFO os_brick.initiator.connector [req-ec2ea39b-d98a-4081-8330-eb32c32095f5 849fb56436b84eeea3b5de972de91063 2f889218ad004a0b94ece658c8fab023 - - -] Multipath discovery for iSCSI enabled
2019-04-24 10:17:36.910 12075 INFO os_brick.initiator.connector [req-ec2ea39b-d98a-4081-8330-eb32c32095f5 849fb56436b84eeea3b5de972de91063 2f889218ad004a0b94ece658c8fab023 - - -] Trying to connect to iSCSI portal 172.31.55.246:3260
2019-04-24 10:17:37.147 12075 INFO os_brick.initiator.connector [req-ec2ea39b-d98a-4081-8330-eb32c32095f5 849fb56436b84eeea3b5de972de91063 2f889218ad004a0b94ece658c8fab023 - - -] Trying to connect to iSCSI portal 172.31.55.247:3260
2019-04-24 10:17:37.757 12075 INFO os_brick.initiator.linuxscsi [req-ec2ea39b-d98a-4081-8330-eb32c32095f5 849fb56436b84eeea3b5de972de91063 2f889218ad004a0b94ece658c8fab023 - - -] Find Multipath device file for volume WWN 3600b342dc62b452d2ffdd061cd0100df
2019-04-24 10:17:37.816 12075 INFO os_brick.initiator.connector [req-ec2ea39b-d98a-4081-8330-eb32c32095f5 849fb56436b84eeea3b5de972de91063 2f889218ad004a0b94ece658c8fab023 - - -] Multipath discovery for iSCSI enabled
2019-04-24 10:17:37.817 12075 INFO os_brick.initiator.connector [req-ec2ea39b-d98a-4081-8330-eb32c32095f5 849fb56436b84eeea3b5de972de91063 2f889218ad004a0b94ece658c8fab023 - - -] Trying to connect to iSCSI portal 172.31.35.253:3260
2019-04-24 10:17:38.391 12075 INFO os_brick.initiator.linuxscsi [req-ec2ea39b-d98a-4081-8330-eb32c32095f5 849fb56436b84eeea3b5de972de91063 2f889218ad004a0b94ece658c8fab023 - - -] Find Multipath device file for volume WWN 36f898ef1006a1dd8ecee7752000001b3
2019-04-24 10:17:38.449 12075 WARNING nova.virt.osinfo [req-ec2ea39b-d98a-4081-8330-eb32c32095f5 849fb56436b84eeea3b5de972de91063 2f889218ad004a0b94ece658c8fab023 - - -] Cannot find OS information - Reason: (No configuration information found for operating system Empty)
2019-04-24 10:17:38.450 12075 WARNING nova.virt.osinfo [req-ec2ea39b-d98a-4081-8330-eb32c32095f5 849fb56436b84eeea3b5de972de91063 2f889218ad004a0b94ece658c8fab023 - - -] Cannot find OS information - Reason: (No configuration information found for operating system Empty)
2019-04-24 10:18:04.940 12075 INFO nova.virt.libvirt.driver [req-c2e6771d-153e-495c-88a1-c833e614dd64 849fb56436b84eeea3b5de972de91063 2f889218ad004a0b94ece658c8fab023 - - -] Instance launched has CPU info: {"vendor": "Intel", "model": "Broadwell", "arch": "x86_64", "features": ["smap", "avx", "clflush", "sep", "rtm", "vme", "dtes64", "invpcid", "tsc", "fsgsbase", "xsave", "pge", "vmx", "erms", "xtpr", "cmov", "hle", "smep", "ssse3", "est", "pat", "monitor", "smx", "pbe", "lm", "msr", "adx", "3dnowprefetch", "nx", "fxsr", "syscall", "tm", "sse4.1", "pae", "sse4.2", "pclmuldq", "acpi", "fma", "tsc-deadline", "mmx", "osxsave", "cx8", "mce", "de", "tm2", "ht", "dca", "lahf_lm", "abm", "rdseed", "popcnt", "mca", "pdpe1gb", "apic", "sse", "f16c", "pse", "ds", "invtsc", "pni", "rdtscp", "avx2", "aes", "sse2", "ss", "ds_cpl", "bmi1", "bmi2", "pcid", "fpu", "cx16", "pse36", "mtrr", "movbe", "pdcm", "rdrand", "x2apic"], "topology": {"cores": 10, "cells": 2, "threads": 2, "sockets": 1}}
2019-04-24 10:18:05.239 12075 INFO nova.compute.resource_tracker [req-9688239c-00e9-47b8-a2fb-5e22602fc932 - - - - -] Auditing locally available compute resources for node compute014
2019-04-24 10:18:15.232 12075 INFO nova.compute.resource_tracker [req-9688239c-00e9-47b8-a2fb-5e22602fc932 - - - - -] Total usable vcpus: 40, total allocated vcpus: 32
2019-04-24 10:18:15.233 12075 INFO nova.compute.resource_tracker [req-9688239c-00e9-47b8-a2fb-5e22602fc932 - - - - -] Final resource view: name=compute014 phys_ram=257662MB used_ram=133120MB phys_disk=2788500GB used_disk=0GB total_vcpus=40 used_vcpus=32 pci_stats=[]
2019-04-24 10:18:15.281 12075 INFO nova.compute.resource_tracker [req-9688239c-00e9-47b8-a2fb-5e22602fc932 - - - - -] Compute_service record updated for compute014:compute014
2019-04-24 10:18:33.823 12075 INFO os_brick.initiator.connector [req-c2e6771d-153e-495c-88a1-c833e614dd64 849fb56436b84eeea3b5de972de91063 2f889218ad004a0b94ece658c8fab023 - - -] Multipath discovery for iSCSI enabled
2019-04-24 10:18:33.824 12075 INFO os_brick.initiator.connector [req-c2e6771d-153e-495c-88a1-c833e614dd64 849fb56436b84eeea3b5de972de91063 2f889218ad004a0b94ece658c8fab023 - - -] Trying to connect to iSCSI portal 172.31.55.246:3260
2019-04-24 10:18:34.071 12075 INFO os_brick.initiator.connector [req-c2e6771d-153e-495c-88a1-c833e614dd64 849fb56436b84eeea3b5de972de91063 2f889218ad004a0b94ece658c8fab023 - - -] Trying to connect to iSCSI portal 172.31.55.247:3260
2019-04-24 10:18:34.647 12075 INFO os_brick.initiator.linuxscsi [req-c2e6771d-153e-495c-88a1-c833e614dd64 849fb56436b84eeea3b5de972de91063 2f889218ad004a0b94ece658c8fab023 - - -] Find Multipath device file for volume WWN 3600b342b063099ad0b8fdb51ed2d00df
2019-04-24 10:18:37.788 12075 INFO nova.compute.manager [req-51846738-6e33-456e-b051-e819510e7b0e - - - - -] [instance: 2c9ae0dd-7a33-4ad3-b4c6-6f4dda5e8842] VM Started (Lifecycle Event)
2019-04-24 10:18:58.209 12075 INFO nova.compute.manager [req-51846738-6e33-456e-b051-e819510e7b0e - - - - -] [instance: 2c9ae0dd-7a33-4ad3-b4c6-6f4dda5e8842] VM Resumed (Lifecycle Event)
2019-04-24 10:18:58.380 12075 INFO nova.compute.manager [req-51846738-6e33-456e-b051-e819510e7b0e - - - - -] [instance: 2c9ae0dd-7a33-4ad3-b4c6-6f4dda5e8842] During the sync_power process the instance has moved from host compute003 to host compute014
2019-04-24 10:18:58.381 12075 INFO nova.compute.manager [req-51846738-6e33-456e-b051-e819510e7b0e - - - - -] [instance: 2c9ae0dd-7a33-4ad3-b4c6-6f4dda5e8842] VM Resumed (Lifecycle Event)
2019-04-24 10:18:58.547 12075 INFO nova.compute.manager [req-51846738-6e33-456e-b051-e819510e7b0e - - - - -] [instance: 2c9ae0dd-7a33-4ad3-b4c6-6f4dda5e8842] During the sync_power process the instance has moved from host compute003 to host compute014
2019-04-24 10:19:04.717 12075 INFO nova.compute.resource_tracker [req-9688239c-00e9-47b8-a2fb-5e22602fc932 - - - - -] Auditing locally available compute resources for node compute014
2019-04-24 10:19:14.595 12075 INFO nova.compute.resource_tracker [req-9688239c-00e9-47b8-a2fb-5e22602fc932 - - - - -] Total usable vcpus: 40, total allocated vcpus: 32
2019-04-24 10:19:14.596 12075 INFO nova.compute.resource_tracker [req-9688239c-00e9-47b8-a2fb-5e22602fc932 - - - - -] Final resource view: name=compute014 phys_ram=257662MB used_ram=133120MB phys_disk=2788500GB used_disk=0GB total_vcpus=40 used_vcpus=32 pci_stats=[]
2019-04-24 10:19:14.643 12075 INFO nova.compute.resource_tracker [req-9688239c-00e9-47b8-a2fb-5e22602fc932 - - - - -] Compute_service record updated for compute014:compute014
