
2019-04-24 10:15:39.368 11970 INFO nova.compute.resource_tracker [req-c1b1d665-a2fe-46f9-a9bb-94885f7194c9 - - - - -] Auditing locally available compute resources for node compute003
2019-04-24 10:15:49.250 11970 INFO nova.compute.resource_tracker [req-c1b1d665-a2fe-46f9-a9bb-94885f7194c9 - - - - -] Total usable vcpus: 40, total allocated vcpus: 20
2019-04-24 10:15:49.251 11970 INFO nova.compute.resource_tracker [req-c1b1d665-a2fe-46f9-a9bb-94885f7194c9 - - - - -] Final resource view: name=compute003 phys_ram=257662MB used_ram=83968MB phys_disk=2788500GB used_disk=60GB total_vcpus=40 used_vcpus=20 pci_stats=[]
2019-04-24 10:15:49.293 11970 INFO nova.compute.resource_tracker [req-c1b1d665-a2fe-46f9-a9bb-94885f7194c9 - - - - -] Compute_service record updated for compute003:compute003
2019-04-24 10:16:20.186 11970 INFO nova.virt.libvirt.driver [req-ec2ea39b-d98a-4081-8330-eb32c32095f5 849fb56436b84eeea3b5de972de91063 2f889218ad004a0b94ece658c8fab023 - - -] [instance: 96da1a77-031b-4eeb-8e85-955837d538b2] Increasing downtime to 46 ms after 0 sec elapsed time
2019-04-24 10:16:20.451 11970 INFO nova.virt.libvirt.driver [req-ec2ea39b-d98a-4081-8330-eb32c32095f5 849fb56436b84eeea3b5de972de91063 2f889218ad004a0b94ece658c8fab023 - - -] [instance: 96da1a77-031b-4eeb-8e85-955837d538b2] Migration running for 0 secs, memory 100% remaining; (bytes processed=0, remaining=0, total=0)
2019-04-24 10:16:40.372 11970 INFO nova.compute.resource_tracker [req-c1b1d665-a2fe-46f9-a9bb-94885f7194c9 - - - - -] Auditing locally available compute resources for node compute003
2019-04-24 10:16:50.472 11970 INFO nova.compute.resource_tracker [req-c1b1d665-a2fe-46f9-a9bb-94885f7194c9 - - - - -] Total usable vcpus: 40, total allocated vcpus: 20
2019-04-24 10:16:50.473 11970 INFO nova.compute.resource_tracker [req-c1b1d665-a2fe-46f9-a9bb-94885f7194c9 - - - - -] Final resource view: name=compute003 phys_ram=257662MB used_ram=83968MB phys_disk=2788500GB used_disk=60GB total_vcpus=40 used_vcpus=20 pci_stats=[]
2019-04-24 10:16:50.521 11970 INFO nova.compute.resource_tracker [req-c1b1d665-a2fe-46f9-a9bb-94885f7194c9 - - - - -] Compute_service record updated for compute003:compute003
2019-04-24 10:16:52.980 11970 INFO nova.compute.manager [req-ab246416-40c5-41ba-a01d-5794f9c71855 - - - - -] [instance: 96da1a77-031b-4eeb-8e85-955837d538b2] VM Paused (Lifecycle Event)
2019-04-24 10:16:53.150 11970 INFO nova.compute.manager [req-ab246416-40c5-41ba-a01d-5794f9c71855 - - - - -] [instance: 96da1a77-031b-4eeb-8e85-955837d538b2] During sync_power_state the instance has a pending task (migrating). Skip.
2019-04-24 10:16:53.329 11970 INFO nova.virt.libvirt.driver [req-ec2ea39b-d98a-4081-8330-eb32c32095f5 849fb56436b84eeea3b5de972de91063 2f889218ad004a0b94ece658c8fab023 - - -] [instance: 96da1a77-031b-4eeb-8e85-955837d538b2] Migration operation has completed
2019-04-24 10:16:53.330 11970 INFO nova.compute.manager [req-ec2ea39b-d98a-4081-8330-eb32c32095f5 849fb56436b84eeea3b5de972de91063 2f889218ad004a0b94ece658c8fab023 - - -] [instance: 96da1a77-031b-4eeb-8e85-955837d538b2] _post_live_migration() is started..
2019-04-24 10:17:08.333 11970 INFO nova.compute.manager [-] [instance: 96da1a77-031b-4eeb-8e85-955837d538b2] VM Stopped (Lifecycle Event)
2019-04-24 10:17:25.454 11970 INFO nova.virt.libvirt.driver [req-ec2ea39b-d98a-4081-8330-eb32c32095f5 849fb56436b84eeea3b5de972de91063 2f889218ad004a0b94ece658c8fab023 - - -] [instance: 96da1a77-031b-4eeb-8e85-955837d538b2] Deleting instance files /var/lib/nova/instances/96da1a77-031b-4eeb-8e85-955837d538b2_del
2019-04-24 10:17:25.455 11970 INFO nova.virt.libvirt.driver [req-ec2ea39b-d98a-4081-8330-eb32c32095f5 849fb56436b84eeea3b5de972de91063 2f889218ad004a0b94ece658c8fab023 - - -] [instance: 96da1a77-031b-4eeb-8e85-955837d538b2] Deletion of /var/lib/nova/instances/96da1a77-031b-4eeb-8e85-955837d538b2_del complete
2019-04-24 10:17:25.631 11970 INFO nova.compute.resource_tracker [req-ec2ea39b-d98a-4081-8330-eb32c32095f5 849fb56436b84eeea3b5de972de91063 2f889218ad004a0b94ece658c8fab023 - - -] Auditing locally available compute resources for node compute003
2019-04-24 10:17:35.540 11970 INFO nova.compute.resource_tracker [req-ec2ea39b-d98a-4081-8330-eb32c32095f5 849fb56436b84eeea3b5de972de91063 2f889218ad004a0b94ece658c8fab023 - - -] Total usable vcpus: 40, total allocated vcpus: 20
2019-04-24 10:17:35.541 11970 INFO nova.compute.resource_tracker [req-ec2ea39b-d98a-4081-8330-eb32c32095f5 849fb56436b84eeea3b5de972de91063 2f889218ad004a0b94ece658c8fab023 - - -] Final resource view: name=compute003 phys_ram=257662MB used_ram=83968MB phys_disk=2788500GB used_disk=60GB total_vcpus=40 used_vcpus=20 pci_stats=[]
2019-04-24 10:17:35.592 11970 INFO nova.compute.resource_tracker [req-ec2ea39b-d98a-4081-8330-eb32c32095f5 849fb56436b84eeea3b5de972de91063 2f889218ad004a0b94ece658c8fab023 - - -] Compute_service record updated for compute003:compute003
2019-04-24 10:17:35.707 11970 INFO nova.compute.manager [req-ec2ea39b-d98a-4081-8330-eb32c32095f5 849fb56436b84eeea3b5de972de91063 2f889218ad004a0b94ece658c8fab023 - - -] [instance: 96da1a77-031b-4eeb-8e85-955837d538b2] Migrating instance to compute014 finished successfully.
2019-04-24 10:17:35.707 11970 INFO nova.compute.manager [req-ec2ea39b-d98a-4081-8330-eb32c32095f5 849fb56436b84eeea3b5de972de91063 2f889218ad004a0b94ece658c8fab023 - - -] [instance: 96da1a77-031b-4eeb-8e85-955837d538b2] You may see the error "libvirt: QEMU error: Domain not found: no domain with matching name." This error can be safely ignored.
2019-04-24 10:17:41.369 11970 INFO nova.compute.resource_tracker [req-c1b1d665-a2fe-46f9-a9bb-94885f7194c9 - - - - -] Auditing locally available compute resources for node compute003
2019-04-24 10:17:51.190 11970 INFO nova.compute.resource_tracker [req-c1b1d665-a2fe-46f9-a9bb-94885f7194c9 - - - - -] Total usable vcpus: 40, total allocated vcpus: 4
2019-04-24 10:17:51.191 11970 INFO nova.compute.resource_tracker [req-c1b1d665-a2fe-46f9-a9bb-94885f7194c9 - - - - -] Final resource view: name=compute003 phys_ram=257662MB used_ram=18432MB phys_disk=2788500GB used_disk=60GB total_vcpus=40 used_vcpus=4 pci_stats=[]
2019-04-24 10:17:51.237 11970 INFO nova.compute.resource_tracker [req-c1b1d665-a2fe-46f9-a9bb-94885f7194c9 - - - - -] Compute_service record updated for compute003:compute003
