2019-04-10 18:23:12.780 16269 INFO nova.virt.libvirt.driver [req-95e33bf1-4950-44d4-9e54-16f21c37be10 5f34f780add44bf587107ea602508f21 cafc67aeade64bf9ba6cb7f96a8b1ef2 - - -] [instance: b4702c2f-daae-4c07-9cec-3e8a2bed6807] Increasing downtime to 46 ms after 0 sec elapsed time
2019-04-10 18:23:13.096 16269 INFO nova.virt.libvirt.driver [req-95e33bf1-4950-44d4-9e54-16f21c37be10 5f34f780add44bf587107ea602508f21 cafc67aeade64bf9ba6cb7f96a8b1ef2 - - -] [instance: b4702c2f-daae-4c07-9cec-3e8a2bed6807] Migration running for 0 secs, memory 100% remaining; (bytes processed=0, remaining=0, total=0)
2019-04-10 18:23:15.522 16269 INFO nova.compute.resource_tracker [req-227d550b-0686-4531-80ca-8a419dff1960 - - - - -] Auditing locally available compute resources for node compute1
2019-04-10 18:23:21.342 16269 INFO nova.compute.resource_tracker [req-227d550b-0686-4531-80ca-8a419dff1960 - - - - -] Total usable vcpus: 24, total allocated vcpus: 9
2019-04-10 18:23:21.343 16269 INFO nova.compute.resource_tracker [req-227d550b-0686-4531-80ca-8a419dff1960 - - - - -] Final resource view: name=compute1 phys_ram=80344MB used_ram=82944MB phys_disk=5821GB used_disk=185GB total_vcpus=24 used_vcpus=9 pci_stats=[]
2019-04-10 18:23:21.412 16269 INFO nova.compute.resource_tracker [req-227d550b-0686-4531-80ca-8a419dff1960 - - - - -] Compute_service record updated for compute1:compute1
2019-04-10 18:23:48.227 16269 INFO nova.virt.libvirt.driver [req-95e33bf1-4950-44d4-9e54-16f21c37be10 5f34f780add44bf587107ea602508f21 cafc67aeade64bf9ba6cb7f96a8b1ef2 - - -] [instance: b4702c2f-daae-4c07-9cec-3e8a2bed6807] Migration running for 30 secs, memory 95% remaining; (bytes processed=2661365455, remaining=65500024832, total=68737114112)
2019-04-10 18:23:48.230 16269 INFO nova.virt.libvirt.driver [req-95e33bf1-4950-44d4-9e54-16f21c37be10 5f34f780add44bf587107ea602508f21 cafc67aeade64bf9ba6cb7f96a8b1ef2 - - -] [instance: b4702c2f-daae-4c07-9cec-3e8a2bed6807] Data remaining 65500024832 bytes, low watermark 0 bytes 34 seconds ago
2019-04-10 18:24:17.234 16269 INFO nova.compute.resource_tracker [req-227d550b-0686-4531-80ca-8a419dff1960 - - - - -] Auditing locally available compute resources for node compute1
2019-04-10 18:24:22.172 16269 INFO nova.compute.resource_tracker [req-227d550b-0686-4531-80ca-8a419dff1960 - - - - -] Total usable vcpus: 24, total allocated vcpus: 9
2019-04-10 18:24:22.173 16269 INFO nova.compute.resource_tracker [req-227d550b-0686-4531-80ca-8a419dff1960 - - - - -] Final resource view: name=compute1 phys_ram=80344MB used_ram=82944MB phys_disk=5821GB used_disk=185GB total_vcpus=24 used_vcpus=9 pci_stats=[]
2019-04-10 18:24:22.327 16269 INFO nova.compute.resource_tracker [req-227d550b-0686-4531-80ca-8a419dff1960 - - - - -] Compute_service record updated for compute1:compute1
2019-04-10 18:24:22.337 16269 INFO nova.virt.libvirt.driver [req-95e33bf1-4950-44d4-9e54-16f21c37be10 5f34f780add44bf587107ea602508f21 cafc67aeade64bf9ba6cb7f96a8b1ef2 - - -] [instance: b4702c2f-daae-4c07-9cec-3e8a2bed6807] Migration running for 60 secs, memory 92% remaining; (bytes processed=4750040669, remaining=63319797760, total=68737114112)
2019-04-10 18:24:22.338 16269 INFO nova.virt.libvirt.driver [req-95e33bf1-4950-44d4-9e54-16f21c37be10 5f34f780add44bf587107ea602508f21 cafc67aeade64bf9ba6cb7f96a8b1ef2 - - -] [instance: b4702c2f-daae-4c07-9cec-3e8a2bed6807] Data remaining 63319797760 bytes, low watermark 0 bytes 68 seconds ago
2019-04-10 18:24:56.595 16269 INFO nova.virt.libvirt.driver [req-95e33bf1-4950-44d4-9e54-16f21c37be10 5f34f780add44bf587107ea602508f21 cafc67aeade64bf9ba6cb7f96a8b1ef2 - - -] [instance: b4702c2f-daae-4c07-9cec-3e8a2bed6807] Migration running for 90 secs, memory 87% remaining; (bytes processed=7636294381, remaining=60439175168, total=68737114112)
2019-04-10 18:24:56.596 16269 INFO nova.virt.libvirt.driver [req-95e33bf1-4950-44d4-9e54-16f21c37be10 5f34f780add44bf587107ea602508f21 cafc67aeade64bf9ba6cb7f96a8b1ef2 - - -] [instance: b4702c2f-daae-4c07-9cec-3e8a2bed6807] Data remaining 60439175168 bytes, low watermark 0 bytes 103 seconds ago
2019-04-10 18:25:18.531 16269 INFO nova.compute.resource_tracker [req-227d550b-0686-4531-80ca-8a419dff1960 - - - - -] Auditing locally available compute resources for node compute1
2019-04-10 18:25:23.801 16269 INFO nova.compute.resource_tracker [req-227d550b-0686-4531-80ca-8a419dff1960 - - - - -] Total usable vcpus: 24, total allocated vcpus: 9
2019-04-10 18:25:23.802 16269 INFO nova.compute.resource_tracker [req-227d550b-0686-4531-80ca-8a419dff1960 - - - - -] Final resource view: name=compute1 phys_ram=80344MB used_ram=82944MB phys_disk=5821GB used_disk=185GB total_vcpus=24 used_vcpus=9 pci_stats=[]
2019-04-10 18:25:23.894 16269 INFO nova.compute.resource_tracker [req-227d550b-0686-4531-80ca-8a419dff1960 - - - - -] Compute_service record updated for compute1:compute1
2019-04-10 18:25:30.156 16269 INFO nova.virt.libvirt.driver [req-95e33bf1-4950-44d4-9e54-16f21c37be10 5f34f780add44bf587107ea602508f21 cafc67aeade64bf9ba6cb7f96a8b1ef2 - - -] [instance: b4702c2f-daae-4c07-9cec-3e8a2bed6807] Migration running for 120 secs, memory 82% remaining; (bytes processed=11413066757, remaining=56669769728, total=68737114112)
2019-04-10 18:25:30.157 16269 INFO nova.virt.libvirt.driver [req-95e33bf1-4950-44d4-9e54-16f21c37be10 5f34f780add44bf587107ea602508f21 cafc67aeade64bf9ba6cb7f96a8b1ef2 - - -] [instance: b4702c2f-daae-4c07-9cec-3e8a2bed6807] Data remaining 56669769728 bytes, low watermark 0 bytes 136 seconds ago
2019-04-10 18:26:04.849 16269 INFO nova.virt.libvirt.driver [req-95e33bf1-4950-44d4-9e54-16f21c37be10 5f34f780add44bf587107ea602508f21 cafc67aeade64bf9ba6cb7f96a8b1ef2 - - -] [instance: b4702c2f-daae-4c07-9cec-3e8a2bed6807] Migration running for 150 secs, memory 76% remaining; (bytes processed=15443925564, remaining=52645142528, total=68737114112)
2019-04-10 18:26:04.850 16269 INFO nova.virt.libvirt.driver [req-95e33bf1-4950-44d4-9e54-16f21c37be10 5f34f780add44bf587107ea602508f21 cafc67aeade64bf9ba6cb7f96a8b1ef2 - - -] [instance: b4702c2f-daae-4c07-9cec-3e8a2bed6807] Data remaining 52645142528 bytes, low watermark 0 bytes 171 seconds ago
2019-04-10 18:26:18.495 16269 INFO nova.compute.resource_tracker [req-227d550b-0686-4531-80ca-8a419dff1960 - - - - -] Auditing locally available compute resources for node compute1
2019-04-10 18:26:23.805 16269 INFO nova.compute.resource_tracker [req-227d550b-0686-4531-80ca-8a419dff1960 - - - - -] Total usable vcpus: 24, total allocated vcpus: 9
2019-04-10 18:26:23.806 16269 INFO nova.compute.resource_tracker [req-227d550b-0686-4531-80ca-8a419dff1960 - - - - -] Final resource view: name=compute1 phys_ram=80344MB used_ram=82944MB phys_disk=5821GB used_disk=185GB total_vcpus=24 used_vcpus=9 pci_stats=[]
2019-04-10 18:26:23.888 16269 INFO nova.compute.resource_tracker [req-227d550b-0686-4531-80ca-8a419dff1960 - - - - -] Compute_service record updated for compute1:compute1
2019-04-10 18:26:39.632 16269 INFO nova.virt.libvirt.driver [req-95e33bf1-4950-44d4-9e54-16f21c37be10 5f34f780add44bf587107ea602508f21 cafc67aeade64bf9ba6cb7f96a8b1ef2 - - -] [instance: b4702c2f-daae-4c07-9cec-3e8a2bed6807] Migration running for 180 secs, memory 70% remaining; (bytes processed=19423850132, remaining=48672980992, total=68737114112)
2019-04-10 18:26:39.633 16269 INFO nova.virt.libvirt.driver [req-95e33bf1-4950-44d4-9e54-16f21c37be10 5f34f780add44bf587107ea602508f21 cafc67aeade64bf9ba6cb7f96a8b1ef2 - - -] [instance: b4702c2f-daae-4c07-9cec-3e8a2bed6807] Data remaining 48672980992 bytes, low watermark 0 bytes 206 seconds ago
2019-04-10 18:27:13.679 16269 INFO nova.virt.libvirt.driver [req-95e33bf1-4950-44d4-9e54-16f21c37be10 5f34f780add44bf587107ea602508f21 cafc67aeade64bf9ba6cb7f96a8b1ef2 - - -] [instance: b4702c2f-daae-4c07-9cec-3e8a2bed6807] Migration running for 210 secs, memory 66% remaining; (bytes processed=22502967379, remaining=45597847552, total=68737114112)
2019-04-10 18:27:13.680 16269 INFO nova.virt.libvirt.driver [req-95e33bf1-4950-44d4-9e54-16f21c37be10 5f34f780add44bf587107ea602508f21 cafc67aeade64bf9ba6cb7f96a8b1ef2 - - -] [instance: b4702c2f-daae-4c07-9cec-3e8a2bed6807] Data remaining 45597847552 bytes, low watermark 0 bytes 240 seconds ago
2019-04-10 18:27:18.495 16269 INFO nova.compute.resource_tracker [req-227d550b-0686-4531-80ca-8a419dff1960 - - - - -] Auditing locally available compute resources for node compute1
2019-04-10 18:27:23.764 16269 INFO nova.compute.resource_tracker [req-227d550b-0686-4531-80ca-8a419dff1960 - - - - -] Total usable vcpus: 24, total allocated vcpus: 9
2019-04-10 18:27:23.765 16269 INFO nova.compute.resource_tracker [req-227d550b-0686-4531-80ca-8a419dff1960 - - - - -] Final resource view: name=compute1 phys_ram=80344MB used_ram=82944MB phys_disk=5821GB used_disk=185GB total_vcpus=24 used_vcpus=9 pci_stats=[]
2019-04-10 18:27:23.831 16269 INFO nova.compute.resource_tracker [req-227d550b-0686-4531-80ca-8a419dff1960 - - - - -] Compute_service record updated for compute1:compute1
2019-04-10 18:27:47.349 16269 INFO nova.virt.libvirt.driver [req-95e33bf1-4950-44d4-9e54-16f21c37be10 5f34f780add44bf587107ea602508f21 cafc67aeade64bf9ba6cb7f96a8b1ef2 - - -] [instance: b4702c2f-daae-4c07-9cec-3e8a2bed6807] Migration running for 240 secs, memory 61% remaining; (bytes processed=25847606181, remaining=42259202048, total=68737114112)
2019-04-10 18:27:47.350 16269 INFO nova.virt.libvirt.driver [req-95e33bf1-4950-44d4-9e54-16f21c37be10 5f34f780add44bf587107ea602508f21 cafc67aeade64bf9ba6cb7f96a8b1ef2 - - -] [instance: b4702c2f-daae-4c07-9cec-3e8a2bed6807] Data remaining 42259202048 bytes, low watermark 0 bytes 274 seconds ago
2019-04-10 18:28:21.270 16269 INFO nova.compute.resource_tracker [req-227d550b-0686-4531-80ca-8a419dff1960 - - - - -] Auditing locally available compute resources for node compute1
2019-04-10 18:28:21.301 16269 INFO nova.virt.libvirt.driver [req-95e33bf1-4950-44d4-9e54-16f21c37be10 5f34f780add44bf587107ea602508f21 cafc67aeade64bf9ba6cb7f96a8b1ef2 - - -] [instance: b4702c2f-daae-4c07-9cec-3e8a2bed6807] Migration running for 270 secs, memory 58% remaining; (bytes processed=27757008695, remaining=40351752192, total=68737114112)
2019-04-10 18:28:21.302 16269 INFO nova.virt.libvirt.driver [req-95e33bf1-4950-44d4-9e54-16f21c37be10 5f34f780add44bf587107ea602508f21 cafc67aeade64bf9ba6cb7f96a8b1ef2 - - -] [instance: b4702c2f-daae-4c07-9cec-3e8a2bed6807] Data remaining 40351752192 bytes, low watermark 0 bytes 308 seconds ago
2019-04-10 18:28:26.206 16269 INFO nova.compute.resource_tracker [req-227d550b-0686-4531-80ca-8a419dff1960 - - - - -] Total usable vcpus: 24, total allocated vcpus: 9
2019-04-10 18:28:26.206 16269 INFO nova.compute.resource_tracker [req-227d550b-0686-4531-80ca-8a419dff1960 - - - - -] Final resource view: name=compute1 phys_ram=80344MB used_ram=82944MB phys_disk=5821GB used_disk=185GB total_vcpus=24 used_vcpus=9 pci_stats=[]
2019-04-10 18:28:26.264 16269 INFO nova.compute.resource_tracker [req-227d550b-0686-4531-80ca-8a419dff1960 - - - - -] Compute_service record updated for compute1:compute1
2019-04-10 18:28:55.527 16269 INFO nova.virt.libvirt.driver [req-95e33bf1-4950-44d4-9e54-16f21c37be10 5f34f780add44bf587107ea602508f21 cafc67aeade64bf9ba6cb7f96a8b1ef2 - - -] [instance: b4702c2f-daae-4c07-9cec-3e8a2bed6807] Migration running for 300 secs, memory 56% remaining; (bytes processed=29102203922, remaining=38954143744, total=68737114112)
2019-04-10 18:28:55.528 16269 INFO nova.virt.libvirt.driver [req-95e33bf1-4950-44d4-9e54-16f21c37be10 5f34f780add44bf587107ea602508f21 cafc67aeade64bf9ba6cb7f96a8b1ef2 - - -] [instance: b4702c2f-daae-4c07-9cec-3e8a2bed6807] Data remaining 38954143744 bytes, low watermark 0 bytes 342 seconds ago
2019-04-10 18:29:20.508 16269 INFO nova.compute.resource_tracker [req-227d550b-0686-4531-80ca-8a419dff1960 - - - - -] Auditing locally available compute resources for node compute1
2019-04-10 18:29:25.577 16269 INFO nova.compute.resource_tracker [req-227d550b-0686-4531-80ca-8a419dff1960 - - - - -] Total usable vcpus: 24, total allocated vcpus: 9
2019-04-10 18:29:25.578 16269 INFO nova.compute.resource_tracker [req-227d550b-0686-4531-80ca-8a419dff1960 - - - - -] Final resource view: name=compute1 phys_ram=80344MB used_ram=82944MB phys_disk=5821GB used_disk=185GB total_vcpus=24 used_vcpus=9 pci_stats=[]
2019-04-10 18:29:25.637 16269 INFO nova.compute.resource_tracker [req-227d550b-0686-4531-80ca-8a419dff1960 - - - - -] Compute_service record updated for compute1:compute1
2019-04-10 18:29:34.667 16269 INFO nova.virt.libvirt.driver [req-95e33bf1-4950-44d4-9e54-16f21c37be10 5f34f780add44bf587107ea602508f21 cafc67aeade64bf9ba6cb7f96a8b1ef2 - - -] [instance: b4702c2f-daae-4c07-9cec-3e8a2bed6807] Migration running for 330 secs, memory 55% remaining; (bytes processed=30201321778, remaining=37857173504, total=68737114112)
2019-04-10 18:29:34.668 16269 INFO nova.virt.libvirt.driver [req-95e33bf1-4950-44d4-9e54-16f21c37be10 5f34f780add44bf587107ea602508f21 cafc67aeade64bf9ba6cb7f96a8b1ef2 - - -] [instance: b4702c2f-daae-4c07-9cec-3e8a2bed6807] Data remaining 37857173504 bytes, low watermark 0 bytes 381 seconds ago
2019-04-10 18:30:08.793 16269 INFO nova.virt.libvirt.driver [req-95e33bf1-4950-44d4-9e54-16f21c37be10 5f34f780add44bf587107ea602508f21 cafc67aeade64bf9ba6cb7f96a8b1ef2 - - -] [instance: b4702c2f-daae-4c07-9cec-3e8a2bed6807] Migration running for 360 secs, memory 53% remaining; (bytes processed=31405398826, remaining=36655448064, total=68737114112)
2019-04-10 18:30:08.794 16269 INFO nova.virt.libvirt.driver [req-95e33bf1-4950-44d4-9e54-16f21c37be10 5f34f780add44bf587107ea602508f21 cafc67aeade64bf9ba6cb7f96a8b1ef2 - - -] [instance: b4702c2f-daae-4c07-9cec-3e8a2bed6807] Data remaining 36655448064 bytes, low watermark 0 bytes 415 seconds ago
2019-04-10 18:30:22.491 16269 INFO nova.compute.resource_tracker [req-227d550b-0686-4531-80ca-8a419dff1960 - - - - -] Auditing locally available compute resources for node compute1
2019-04-10 18:30:27.208 16269 INFO nova.compute.resource_tracker [req-227d550b-0686-4531-80ca-8a419dff1960 - - - - -] Total usable vcpus: 24, total allocated vcpus: 9
2019-04-10 18:30:27.209 16269 INFO nova.compute.resource_tracker [req-227d550b-0686-4531-80ca-8a419dff1960 - - - - -] Final resource view: name=compute1 phys_ram=80344MB used_ram=82944MB phys_disk=5821GB used_disk=185GB total_vcpus=24 used_vcpus=9 pci_stats=[]
2019-04-10 18:30:27.266 16269 INFO nova.compute.resource_tracker [req-227d550b-0686-4531-80ca-8a419dff1960 - - - - -] Compute_service record updated for compute1:compute1
2019-04-10 18:30:42.447 16269 INFO nova.virt.libvirt.driver [req-95e33bf1-4950-44d4-9e54-16f21c37be10 5f34f780add44bf587107ea602508f21 cafc67aeade64bf9ba6cb7f96a8b1ef2 - - -] [instance: b4702c2f-daae-4c07-9cec-3e8a2bed6807] Migration running for 390 secs, memory 51% remaining; (bytes processed=32326689698, remaining=35735957504, total=68737114112)
2019-04-10 18:30:42.448 16269 INFO nova.virt.libvirt.driver [req-95e33bf1-4950-44d4-9e54-16f21c37be10 5f34f780add44bf587107ea602508f21 cafc67aeade64bf9ba6cb7f96a8b1ef2 - - -] [instance: b4702c2f-daae-4c07-9cec-3e8a2bed6807] Data remaining 35735957504 bytes, low watermark 0 bytes 449 seconds ago
2019-04-10 18:31:16.514 16269 INFO nova.virt.libvirt.driver [req-95e33bf1-4950-44d4-9e54-16f21c37be10 5f34f780add44bf587107ea602508f21 cafc67aeade64bf9ba6cb7f96a8b1ef2 - - -] [instance: b4702c2f-daae-4c07-9cec-3e8a2bed6807] Migration running for 420 secs, memory 50% remaining; (bytes processed=33089598922, remaining=34974539776, total=68737114112)
2019-04-10 18:31:16.515 16269 INFO nova.virt.libvirt.driver [req-95e33bf1-4950-44d4-9e54-16f21c37be10 5f34f780add44bf587107ea602508f21 cafc67aeade64bf9ba6cb7f96a8b1ef2 - - -] [instance: b4702c2f-daae-4c07-9cec-3e8a2bed6807] Data remaining 34974539776 bytes, low watermark 0 bytes 483 seconds ago
2019-04-10 18:31:24.532 16269 INFO nova.compute.resource_tracker [req-227d550b-0686-4531-80ca-8a419dff1960 - - - - -] Auditing locally available compute resources for node compute1
2019-04-10 18:31:29.489 16269 INFO nova.compute.resource_tracker [req-227d550b-0686-4531-80ca-8a419dff1960 - - - - -] Total usable vcpus: 24, total allocated vcpus: 9
2019-04-10 18:31:29.490 16269 INFO nova.compute.resource_tracker [req-227d550b-0686-4531-80ca-8a419dff1960 - - - - -] Final resource view: name=compute1 phys_ram=80344MB used_ram=82944MB phys_disk=5821GB used_disk=185GB total_vcpus=24 used_vcpus=9 pci_stats=[]
2019-04-10 18:31:29.544 16269 INFO nova.compute.resource_tracker [req-227d550b-0686-4531-80ca-8a419dff1960 - - - - -] Compute_service record updated for compute1:compute1
2019-04-10 18:31:50.646 16269 INFO nova.virt.libvirt.driver [req-95e33bf1-4950-44d4-9e54-16f21c37be10 5f34f780add44bf587107ea602508f21 cafc67aeade64bf9ba6cb7f96a8b1ef2 - - -] [instance: b4702c2f-daae-4c07-9cec-3e8a2bed6807] Migration running for 450 secs, memory 49% remaining; (bytes processed=34074159442, remaining=33925627904, total=68737114112)
2019-04-10 18:31:50.648 16269 INFO nova.virt.libvirt.driver [req-95e33bf1-4950-44d4-9e54-16f21c37be10 5f34f780add44bf587107ea602508f21 cafc67aeade64bf9ba6cb7f96a8b1ef2 - - -] [instance: b4702c2f-daae-4c07-9cec-3e8a2bed6807] Data remaining 33925627904 bytes, low watermark 0 bytes 517 seconds ago
2019-04-10 18:32:15.440 16269 INFO nova.compute.manager [req-227d550b-0686-4531-80ca-8a419dff1960 - - - - -] Updating bandwidth usage cache
2019-04-10 18:32:15.574 16269 INFO nova.compute.manager [req-227d550b-0686-4531-80ca-8a419dff1960 - - - - -] Bandwidth usage not supported by hypervisor.
2019-04-10 18:32:25.379 16269 INFO nova.virt.libvirt.driver [req-95e33bf1-4950-44d4-9e54-16f21c37be10 5f34f780add44bf587107ea602508f21 cafc67aeade64bf9ba6cb7f96a8b1ef2 - - -] [instance: b4702c2f-daae-4c07-9cec-3e8a2bed6807] Migration running for 480 secs, memory 43% remaining; (bytes processed=38088672439, remaining=29820149760, total=68737114112)
2019-04-10 18:32:25.380 16269 INFO nova.virt.libvirt.driver [req-95e33bf1-4950-44d4-9e54-16f21c37be10 5f34f780add44bf587107ea602508f21 cafc67aeade64bf9ba6cb7f96a8b1ef2 - - -] [instance: b4702c2f-daae-4c07-9cec-3e8a2bed6807] Data remaining 29820149760 bytes, low watermark 0 bytes 551 seconds ago
2019-04-10 18:32:26.483 16269 INFO nova.compute.resource_tracker [req-227d550b-0686-4531-80ca-8a419dff1960 - - - - -] Auditing locally available compute resources for node compute1
2019-04-10 18:32:31.827 16269 INFO nova.compute.resource_tracker [req-227d550b-0686-4531-80ca-8a419dff1960 - - - - -] Total usable vcpus: 24, total allocated vcpus: 9
2019-04-10 18:32:31.828 16269 INFO nova.compute.resource_tracker [req-227d550b-0686-4531-80ca-8a419dff1960 - - - - -] Final resource view: name=compute1 phys_ram=80344MB used_ram=82944MB phys_disk=5821GB used_disk=185GB total_vcpus=24 used_vcpus=9 pci_stats=[]
2019-04-10 18:32:31.879 16269 INFO nova.compute.resource_tracker [req-227d550b-0686-4531-80ca-8a419dff1960 - - - - -] Compute_service record updated for compute1:compute1
2019-04-10 18:32:44.731 16269 WARNING nova.compute.manager [req-227d550b-0686-4531-80ca-8a419dff1960 - - - - -] While synchronizing instance power states, found 7 instances in the database and 14 instances on the hypervisor.
2019-04-10 18:32:44.775 16269 INFO nova.compute.manager [-] [instance: b4702c2f-daae-4c07-9cec-3e8a2bed6807] During sync_power_state the instance has a pending task (migrating). Skip.
2019-04-10 18:33:00.856 16269 INFO nova.virt.libvirt.driver [req-95e33bf1-4950-44d4-9e54-16f21c37be10 5f34f780add44bf587107ea602508f21 cafc67aeade64bf9ba6cb7f96a8b1ef2 - - -] [instance: b4702c2f-daae-4c07-9cec-3e8a2bed6807] Migration running for 510 secs, memory 37% remaining; (bytes processed=42223939655, remaining=25591361536, total=68737114112)
2019-04-10 18:33:00.858 16269 INFO nova.virt.libvirt.driver [req-95e33bf1-4950-44d4-9e54-16f21c37be10 5f34f780add44bf587107ea602508f21 cafc67aeade64bf9ba6cb7f96a8b1ef2 - - -] [instance: b4702c2f-daae-4c07-9cec-3e8a2bed6807] Data remaining 25591361536 bytes, low watermark 0 bytes 587 seconds ago
2019-04-10 18:33:26.507 16269 INFO nova.compute.resource_tracker [req-227d550b-0686-4531-80ca-8a419dff1960 - - - - -] Auditing locally available compute resources for node compute1
2019-04-10 18:33:31.973 16269 INFO nova.compute.resource_tracker [req-227d550b-0686-4531-80ca-8a419dff1960 - - - - -] Total usable vcpus: 24, total allocated vcpus: 9
2019-04-10 18:33:31.974 16269 INFO nova.compute.resource_tracker [req-227d550b-0686-4531-80ca-8a419dff1960 - - - - -] Final resource view: name=compute1 phys_ram=80344MB used_ram=82944MB phys_disk=5821GB used_disk=185GB total_vcpus=24 used_vcpus=9 pci_stats=[]
2019-04-10 18:33:32.044 16269 INFO nova.compute.resource_tracker [req-227d550b-0686-4531-80ca-8a419dff1960 - - - - -] Compute_service record updated for compute1:compute1
2019-04-10 18:33:36.185 16269 INFO nova.virt.libvirt.driver [req-95e33bf1-4950-44d4-9e54-16f21c37be10 5f34f780add44bf587107ea602508f21 cafc67aeade64bf9ba6cb7f96a8b1ef2 - - -] [instance: b4702c2f-daae-4c07-9cec-3e8a2bed6807] Migration running for 540 secs, memory 31% remaining; (bytes processed=46301864655, remaining=21431476224, total=68737114112)
2019-04-10 18:33:36.186 16269 INFO nova.virt.libvirt.driver [req-95e33bf1-4950-44d4-9e54-16f21c37be10 5f34f780add44bf587107ea602508f21 cafc67aeade64bf9ba6cb7f96a8b1ef2 - - -] [instance: b4702c2f-daae-4c07-9cec-3e8a2bed6807] Data remaining 21431476224 bytes, low watermark 0 bytes 622 seconds ago
2019-04-10 18:33:52.923 16269 INFO nova.virt.libvirt.driver [req-95e33bf1-4950-44d4-9e54-16f21c37be10 5f34f780add44bf587107ea602508f21 cafc67aeade64bf9ba6cb7f96a8b1ef2 - - -] [instance: b4702c2f-daae-4c07-9cec-3e8a2bed6807] Increasing downtime to 47 ms after 640 sec elapsed time
2019-04-10 18:34:11.261 16269 INFO nova.virt.libvirt.driver [req-95e33bf1-4950-44d4-9e54-16f21c37be10 5f34f780add44bf587107ea602508f21 cafc67aeade64bf9ba6cb7f96a8b1ef2 - - -] [instance: b4702c2f-daae-4c07-9cec-3e8a2bed6807] Migration running for 570 secs, memory 26% remaining; (bytes processed=49680342741, remaining=17991032832, total=68737114112)
2019-04-10 18:34:11.263 16269 INFO nova.virt.libvirt.driver [req-95e33bf1-4950-44d4-9e54-16f21c37be10 5f34f780add44bf587107ea602508f21 cafc67aeade64bf9ba6cb7f96a8b1ef2 - - -] [instance: b4702c2f-daae-4c07-9cec-3e8a2bed6807] Data remaining 17991032832 bytes, low watermark 0 bytes 657 seconds ago
2019-04-10 18:34:27.512 16269 INFO nova.compute.resource_tracker [req-227d550b-0686-4531-80ca-8a419dff1960 - - - - -] Auditing locally available compute resources for node compute1
2019-04-10 18:34:32.433 16269 INFO nova.compute.resource_tracker [req-227d550b-0686-4531-80ca-8a419dff1960 - - - - -] Total usable vcpus: 24, total allocated vcpus: 9
2019-04-10 18:34:32.434 16269 INFO nova.compute.resource_tracker [req-227d550b-0686-4531-80ca-8a419dff1960 - - - - -] Final resource view: name=compute1 phys_ram=80344MB used_ram=82944MB phys_disk=5821GB used_disk=185GB total_vcpus=24 used_vcpus=9 pci_stats=[]
2019-04-10 18:34:32.526 16269 INFO nova.compute.resource_tracker [req-227d550b-0686-4531-80ca-8a419dff1960 - - - - -] Compute_service record updated for compute1:compute1
2019-04-10 18:34:46.410 16269 INFO nova.virt.libvirt.driver [req-95e33bf1-4950-44d4-9e54-16f21c37be10 5f34f780add44bf587107ea602508f21 cafc67aeade64bf9ba6cb7f96a8b1ef2 - - -] [instance: b4702c2f-daae-4c07-9cec-3e8a2bed6807] Migration running for 600 secs, memory 19% remaining; (bytes processed=53792502278, remaining=13484367872, total=68737114112)
2019-04-10 18:34:46.411 16269 INFO nova.virt.libvirt.driver [req-95e33bf1-4950-44d4-9e54-16f21c37be10 5f34f780add44bf587107ea602508f21 cafc67aeade64bf9ba6cb7f96a8b1ef2 - - -] [instance: b4702c2f-daae-4c07-9cec-3e8a2bed6807] Data remaining 13484367872 bytes, low watermark 0 bytes 692 seconds ago
2019-04-10 18:35:21.535 16269 INFO nova.virt.libvirt.driver [req-95e33bf1-4950-44d4-9e54-16f21c37be10 5f34f780add44bf587107ea602508f21 cafc67aeade64bf9ba6cb7f96a8b1ef2 - - -] [instance: b4702c2f-daae-4c07-9cec-3e8a2bed6807] Migration running for 630 secs, memory 13% remaining; (bytes processed=57906317477, remaining=9374134272, total=68737114112)
2019-04-10 18:35:21.537 16269 INFO nova.virt.libvirt.driver [req-95e33bf1-4950-44d4-9e54-16f21c37be10 5f34f780add44bf587107ea602508f21 cafc67aeade64bf9ba6cb7f96a8b1ef2 - - -] [instance: b4702c2f-daae-4c07-9cec-3e8a2bed6807] Data remaining 9374134272 bytes, low watermark 0 bytes 728 seconds ago
2019-04-10 18:35:29.540 16269 INFO nova.compute.resource_tracker [req-227d550b-0686-4531-80ca-8a419dff1960 - - - - -] Auditing locally available compute resources for node compute1
2019-04-10 18:35:35.478 16269 INFO nova.compute.resource_tracker [req-227d550b-0686-4531-80ca-8a419dff1960 - - - - -] Total usable vcpus: 24, total allocated vcpus: 9
2019-04-10 18:35:35.479 16269 INFO nova.compute.resource_tracker [req-227d550b-0686-4531-80ca-8a419dff1960 - - - - -] Final resource view: name=compute1 phys_ram=80344MB used_ram=82944MB phys_disk=5821GB used_disk=185GB total_vcpus=24 used_vcpus=9 pci_stats=[]
2019-04-10 18:35:35.542 16269 INFO nova.compute.resource_tracker [req-227d550b-0686-4531-80ca-8a419dff1960 - - - - -] Compute_service record updated for compute1:compute1
2019-04-10 18:35:57.290 16269 INFO nova.virt.libvirt.driver [req-95e33bf1-4950-44d4-9e54-16f21c37be10 5f34f780add44bf587107ea602508f21 cafc67aeade64bf9ba6cb7f96a8b1ef2 - - -] [instance: b4702c2f-daae-4c07-9cec-3e8a2bed6807] Migration running for 660 secs, memory 7% remaining; (bytes processed=61897203161, remaining=5268373504, total=68737114112)
2019-04-10 18:35:57.292 16269 INFO nova.virt.libvirt.driver [req-95e33bf1-4950-44d4-9e54-16f21c37be10 5f34f780add44bf587107ea602508f21 cafc67aeade64bf9ba6cb7f96a8b1ef2 - - -] [instance: b4702c2f-daae-4c07-9cec-3e8a2bed6807] Data remaining 5268373504 bytes, low watermark 0 bytes 763 seconds ago
2019-04-10 18:36:29.501 16269 INFO nova.compute.resource_tracker [req-227d550b-0686-4531-80ca-8a419dff1960 - - - - -] Auditing locally available compute resources for node compute1
2019-04-10 18:36:33.042 16269 INFO nova.virt.libvirt.driver [req-95e33bf1-4950-44d4-9e54-16f21c37be10 5f34f780add44bf587107ea602508f21 cafc67aeade64bf9ba6cb7f96a8b1ef2 - - -] [instance: b4702c2f-daae-4c07-9cec-3e8a2bed6807] Migration running for 690 secs, memory 2% remaining; (bytes processed=65227927269, remaining=1869811712, total=68737114112)
2019-04-10 18:36:33.043 16269 INFO nova.virt.libvirt.driver [req-95e33bf1-4950-44d4-9e54-16f21c37be10 5f34f780add44bf587107ea602508f21 cafc67aeade64bf9ba6cb7f96a8b1ef2 - - -] [instance: b4702c2f-daae-4c07-9cec-3e8a2bed6807] Data remaining 1869811712 bytes, low watermark 0 bytes 799 seconds ago
2019-04-10 18:36:35.205 16269 INFO nova.compute.resource_tracker [req-227d550b-0686-4531-80ca-8a419dff1960 - - - - -] Total usable vcpus: 24, total allocated vcpus: 9
2019-04-10 18:36:35.206 16269 INFO nova.compute.resource_tracker [req-227d550b-0686-4531-80ca-8a419dff1960 - - - - -] Final resource view: name=compute1 phys_ram=80344MB used_ram=82944MB phys_disk=5821GB used_disk=185GB total_vcpus=24 used_vcpus=9 pci_stats=[]
2019-04-10 18:36:35.276 16269 INFO nova.compute.resource_tracker [req-227d550b-0686-4531-80ca-8a419dff1960 - - - - -] Compute_service record updated for compute1:compute1
2019-04-10 18:37:08.234 16269 INFO nova.virt.libvirt.driver [req-95e33bf1-4950-44d4-9e54-16f21c37be10 5f34f780add44bf587107ea602508f21 cafc67aeade64bf9ba6cb7f96a8b1ef2 - - -] [instance: b4702c2f-daae-4c07-9cec-3e8a2bed6807] Migration running for 720 secs, memory 57% remaining; (bytes processed=67243472568, remaining=39551705088, total=68737114112)
2019-04-10 18:37:08.235 16269 INFO nova.virt.libvirt.driver [req-95e33bf1-4950-44d4-9e54-16f21c37be10 5f34f780add44bf587107ea602508f21 cafc67aeade64bf9ba6cb7f96a8b1ef2 - - -] [instance: b4702c2f-daae-4c07-9cec-3e8a2bed6807] Data remaining 39551705088 bytes, low watermark 0 bytes 834 seconds ago
2019-04-10 18:37:30.505 16269 INFO nova.compute.resource_tracker [req-227d550b-0686-4531-80ca-8a419dff1960 - - - - -] Auditing locally available compute resources for node compute1
2019-04-10 18:37:36.544 16269 INFO nova.compute.resource_tracker [req-227d550b-0686-4531-80ca-8a419dff1960 - - - - -] Total usable vcpus: 24, total allocated vcpus: 9
2019-04-10 18:37:36.545 16269 INFO nova.compute.resource_tracker [req-227d550b-0686-4531-80ca-8a419dff1960 - - - - -] Final resource view: name=compute1 phys_ram=80344MB used_ram=82944MB phys_disk=5821GB used_disk=185GB total_vcpus=24 used_vcpus=9 pci_stats=[]
2019-04-10 18:37:36.609 16269 INFO nova.compute.resource_tracker [req-227d550b-0686-4531-80ca-8a419dff1960 - - - - -] Compute_service record updated for compute1:compute1
2019-04-10 18:37:42.564 16269 INFO nova.virt.libvirt.driver [req-95e33bf1-4950-44d4-9e54-16f21c37be10 5f34f780add44bf587107ea602508f21 cafc67aeade64bf9ba6cb7f96a8b1ef2 - - -] [instance: b4702c2f-daae-4c07-9cec-3e8a2bed6807] Migration running for 750 secs, memory 55% remaining; (bytes processed=68548139572, remaining=38237700096, total=68737114112)
2019-04-10 18:37:42.565 16269 INFO nova.virt.libvirt.driver [req-95e33bf1-4950-44d4-9e54-16f21c37be10 5f34f780add44bf587107ea602508f21 cafc67aeade64bf9ba6cb7f96a8b1ef2 - - -] [instance: b4702c2f-daae-4c07-9cec-3e8a2bed6807] Data remaining 38237700096 bytes, low watermark 0 bytes 869 seconds ago
2019-04-10 18:38:13.137 16269 WARNING nova.virt.libvirt.driver [req-95e33bf1-4950-44d4-9e54-16f21c37be10 5f34f780add44bf587107ea602508f21 cafc67aeade64bf9ba6cb7f96a8b1ef2 - - -] [instance: b4702c2f-daae-4c07-9cec-3e8a2bed6807] Live migration stuck for 900 sec
2019-04-10 18:38:13.642 16269 WARNING nova.virt.libvirt.driver [req-95e33bf1-4950-44d4-9e54-16f21c37be10 5f34f780add44bf587107ea602508f21 cafc67aeade64bf9ba6cb7f96a8b1ef2 - - -] [instance: b4702c2f-daae-4c07-9cec-3e8a2bed6807] Migration operation was cancelled
2019-04-10 18:38:14.553 16269 INFO nova.compute.utils [req-95e33bf1-4950-44d4-9e54-16f21c37be10 5f34f780add44bf587107ea602508f21 cafc67aeade64bf9ba6cb7f96a8b1ef2 - - -] ******************method: <functools.partial object at 0x5ff8e68> event_suffix: live_migration._rollback.start usage_info: {'state_description': '', 'availability_zone': u'KVM_ZONE_X86_1', 'terminated_at': '', 'ephemeral_gb': 0, 'instance_type_id': 2718, 'deleted_at': '', 'reservation_id': u'r-suaeo230', 'memory_mb': 65536, 'display_name': u'xx1', 'hostname': u'xx1', 'state': u'active', 'progress': '', 'launched_at': '2019-04-10T07:36:14.000000', 'metadata': {}, 'node': u'compute1', 'ramdisk_id': u'', 'access_ip_v6': None, 'disk_gb': 25, 'access_ip_v4': None, 'kernel_id': u'', 'host': u'compute1', 'user_id': u'5f34f780add44bf587107ea602508f21', 'image_ref_url': u'http://172.30.126.52:9292/images/25cc3812-3ba1-49a2-8adf-797ddd2ae359', 'cell_name': '', 'root_gb': 25, 'tenant_id': u'cafc67aeade64bf9ba6cb7f96a8b1ef2', 'created_at': '2019-04-08 09:02:47+00:00', 'instance_id': 'b4702c2f-daae-4c07-9cec-3e8a2bed6807', 'instance_type': u'64G', 'vcpus': 1, 'image_meta': {u'hypervisor_type': u'kvm', u'min_ram': u'2048', u'disk_format': u'qcow2', u'pool_type': u'KVM', u'os_version': u'7.4', u'support_heat': u'0', u'architecture': u'x86_64', u'container_format': u'bare', u'min_disk': u'25', u'os_distribution': u'centos', u'base_image_ref': u'25cc3812-3ba1-49a2-8adf-797ddd2ae359'}, 'architecture': u'x86_64', 'os_type': None, 'instance_flavor_id': u'dd7bc7df-88fb-404d-92eb-1ae2c900d0d2'}
2019-04-10 18:38:15.244 16269 INFO nova.compute.utils [req-95e33bf1-4950-44d4-9e54-16f21c37be10 5f34f780add44bf587107ea602508f21 cafc67aeade64bf9ba6cb7f96a8b1ef2 - - -] ******************method: <functools.partial object at 0x5ff8e68> event_suffix: live_migration._rollback.end usage_info: {'state_description': '', 'availability_zone': u'KVM_ZONE_X86_1', 'terminated_at': '', 'ephemeral_gb': 0, 'instance_type_id': 2718, 'deleted_at': '', 'reservation_id': u'r-suaeo230', 'memory_mb': 65536, 'display_name': u'xx1', 'hostname': u'xx1', 'state': u'active', 'progress': '', 'launched_at': '2019-04-10T07:36:14.000000', 'metadata': {}, 'node': u'compute1', 'ramdisk_id': u'', 'access_ip_v6': None, 'disk_gb': 25, 'access_ip_v4': None, 'kernel_id': u'', 'host': u'compute1', 'user_id': u'5f34f780add44bf587107ea602508f21', 'image_ref_url': u'http://172.30.126.52:9292/images/25cc3812-3ba1-49a2-8adf-797ddd2ae359', 'cell_name': '', 'root_gb': 25, 'tenant_id': u'cafc67aeade64bf9ba6cb7f96a8b1ef2', 'created_at': '2019-04-08 09:02:47+00:00', 'instance_id': 'b4702c2f-daae-4c07-9cec-3e8a2bed6807', 'instance_type': u'64G', 'vcpus': 1, 'image_meta': {u'hypervisor_type': u'kvm', u'min_ram': u'2048', u'disk_format': u'qcow2', u'pool_type': u'KVM', u'os_version': u'7.4', u'support_heat': u'0', u'architecture': u'x86_64', u'container_format': u'bare', u'min_disk': u'25', u'os_distribution': u'centos', u'base_image_ref': u'25cc3812-3ba1-49a2-8adf-797ddd2ae359'}, 'architecture': u'x86_64', 'os_type': None, 'instance_flavor_id': u'dd7bc7df-88fb-404d-92eb-1ae2c900d0d2'}
2019-04-10 18:38:18.839 16269 ERROR nova.virt.libvirt.driver [req-95e33bf1-4950-44d4-9e54-16f21c37be10 5f34f780add44bf587107ea602508f21 cafc67aeade64bf9ba6cb7f96a8b1ef2 - - -] [instance: b4702c2f-daae-4c07-9cec-3e8a2bed6807] Live Migration failure: operation aborted: migration job: canceled by client

